2025-12-04T16:24:42+03:00 [ERROR] User logged in
2025-12-04T16:24:42+03:00 [INFO] User logged in
2025-12-04T16:24:42+03:00 [INFO] User logged in
2025-12-04T16:24:42+03:00 [DEBUG] User logged in
2025-12-04T16:24:42+03:00 [DEBUG] User logged out
2025-12-04T16:24:42+03:00 [INFO] Database connection established
2025-12-04T16:24:42+03:00 [ERROR] File uploaded
2025-12-04T16:24:43+03:00 [ERROR] File uploaded
2025-12-04T16:24:43+03:00 [ERROR] User logged in
2025-12-04T16:24:43+03:00 [DEBUG] Database connection established
2025-12-04T16:24:43+03:00 [ERROR] User logged out
2025-12-04T16:24:43+03:00 [DEBUG] User logged out
2025-12-04T16:24:43+03:00 [DEBUG] User logged out
2025-12-04T16:24:43+03:00 [INFO] User logged in
2025-12-04T16:24:43+03:00 [INFO] Database connection established
2025-12-04T16:24:43+03:00 [INFO] User logged out
2025-12-04T16:24:43+03:00 [INFO] User logged in
2025-12-04T16:24:44+03:00 [INFO] Database connection established
2025-12-04T16:24:44+03:00 [ERROR] Invalid input received
2025-12-04T16:24:44+03:00 [INFO] Invalid input received
2025-12-04T16:24:44+03:00 [INFO] File uploaded
2025-12-04T16:24:44+03:00 [DEBUG] Database connection established
2025-12-04T16:24:44+03:00 [DEBUG] User logged in
2025-12-04T16:24:44+03:00 [INFO] Database connection established
2025-12-04T16:24:44+03:00 [ERROR] Database connection established
2025-12-04T16:24:44+03:00 [ERROR] Database connection established
2025-12-04T16:24:44+03:00 [ERROR] User logged out
2025-12-04T16:24:45+03:00 [INFO] User logged out
2025-12-04T16:24:45+03:00 [INFO] Error processing request
2025-12-04T16:24:45+03:00 [DEBUG] User logged in
2025-12-04T16:24:45+03:00 [DEBUG] File uploaded
2025-12-04T16:24:45+03:00 [ERROR] Error processing request
2025-12-04T16:24:45+03:00 [DEBUG] User logged out
2025-12-04T16:24:45+03:00 [ERROR] User logged in
2025-12-04T16:24:45+03:00 [DEBUG] User logged out
2025-12-04T16:24:45+03:00 [INFO] Invalid input received
2025-12-04T16:24:45+03:00 [INFO] Error processing request
2025-12-04T16:24:46+03:00 [ERROR] Database connection established
2025-12-04T16:24:46+03:00 [ERROR] Invalid input received
2025-12-04T16:24:46+03:00 [ERROR] Error processing request
2025-12-04T16:24:46+03:00 [INFO] Invalid input received
2025-12-04T16:24:46+03:00 [DEBUG] User logged in
2025-12-04T16:24:46+03:00 [ERROR] File uploaded
2025-12-04T16:24:46+03:00 [INFO] File uploaded
2025-12-04T16:24:46+03:00 [DEBUG] Error processing request
2025-12-04T16:24:46+03:00 [DEBUG] Invalid input received
2025-12-04T16:24:46+03:00 [ERROR] Database connection established
2025-12-04T16:24:47+03:00 [ERROR] Error processing request
2025-12-04T16:24:47+03:00 [DEBUG] File uploaded
2025-12-04T16:24:47+03:00 [DEBUG] User logged out
2025-12-04T16:24:47+03:00 [ERROR] User logged in
2025-12-04T16:24:47+03:00 [INFO] Error processing request
2025-12-04T16:24:47+03:00 [INFO] User logged out
2025-12-04T16:24:47+03:00 [ERROR] Invalid input received
2025-12-04T16:24:47+03:00 [INFO] Error processing request
2025-12-04T16:24:47+03:00 [ERROR] User logged out
2025-12-04T16:24:47+03:00 [INFO] User logged out
2025-12-04T16:24:48+03:00 [DEBUG] Invalid input received
2025-12-04T16:24:48+03:00 [ERROR] User logged in
2025-12-04T16:24:48+03:00 [DEBUG] Database connection established
2025-12-04T16:24:48+03:00 [ERROR] Error processing request
2025-12-04T16:24:48+03:00 [ERROR] Invalid input received
2025-12-04T16:24:48+03:00 [DEBUG] Error processing request
2025-12-04T16:24:48+03:00 [INFO] User logged in
2025-12-04T16:24:48+03:00 [ERROR] File uploaded
2025-12-04T16:24:48+03:00 [INFO] Error processing request
2025-12-04T16:24:48+03:00 [DEBUG] User logged in
2025-12-04T16:24:49+03:00 [INFO] Error processing request
2025-12-04T16:24:49+03:00 [INFO] Error processing request
2025-12-04T16:24:49+03:00 [INFO] Invalid input received
2025-12-04T16:24:49+03:00 [DEBUG] User logged in
2025-12-04T16:24:49+03:00 [DEBUG] File uploaded
2025-12-04T16:24:49+03:00 [INFO] User logged out
2025-12-04T16:24:49+03:00 [INFO] User logged in
2025-12-04T16:24:49+03:00 [ERROR] Error processing request
2025-12-04T16:24:49+03:00 [INFO] Error processing request
2025-12-04T16:24:49+03:00 [DEBUG] User logged out
2025-12-04T16:24:50+03:00 [ERROR] Error processing request
2025-12-04T16:24:50+03:00 [ERROR] User logged out
2025-12-04T16:24:50+03:00 [INFO] User logged in
2025-12-04T16:24:50+03:00 [DEBUG] User logged in
2025-12-04T16:24:50+03:00 [ERROR] User logged out
2025-12-04T16:24:50+03:00 [ERROR] User logged in
2025-12-04T16:24:50+03:00 [INFO] User logged in
2025-12-04T16:24:50+03:00 [INFO] Invalid input received
2025-12-04T16:24:50+03:00 [DEBUG] Database connection established
2025-12-04T16:24:50+03:00 [DEBUG] Invalid input received
2025-12-04T16:24:51+03:00 [INFO] Database connection established
2025-12-04T16:24:51+03:00 [INFO] User logged in
2025-12-04T16:24:51+03:00 [ERROR] Error processing request
2025-12-04T16:24:51+03:00 [DEBUG] User logged in
2025-12-04T16:24:51+03:00 [INFO] User logged in
2025-12-04T16:24:51+03:00 [INFO] Invalid input received
2025-12-04T16:24:51+03:00 [ERROR] User logged out
2025-12-04T16:24:51+03:00 [ERROR] Error processing request
2025-12-04T16:24:51+03:00 [DEBUG] File uploaded
2025-12-04T16:24:51+03:00 [INFO] Invalid input received
2025-12-04T16:24:52+03:00 [DEBUG] User logged in
2025-12-04T16:24:52+03:00 [INFO] Error processing request
2025-12-04T16:24:52+03:00 [ERROR] Invalid input received
2025-12-04T16:24:52+03:00 [ERROR] User logged out
2025-12-04T16:24:52+03:00 [ERROR] User logged in
2025-12-04T16:24:52+03:00 [ERROR] Error processing request
2025-12-04T16:24:52+03:00 [INFO] Invalid input received
2025-12-04T16:24:52+03:00 [DEBUG] User logged out
2025-12-04T16:24:52+03:00 [ERROR] Invalid input received
2025-12-04T16:24:52+03:00 [DEBUG] User logged out
2025-12-04T16:24:53+03:00 [ERROR] Error processing request
2025-12-04T16:24:53+03:00 [ERROR] Error processing request
2025-12-04T16:24:53+03:00 [DEBUG] Database connection established
2025-12-04T16:24:53+03:00 [DEBUG] User logged out
2025-12-04T16:24:53+03:00 [INFO] User logged in
2025-12-04T16:24:53+03:00 [ERROR] User logged out
2025-12-04T16:24:53+03:00 [DEBUG] User logged out
2025-12-04T16:24:53+03:00 [INFO] Database connection established
2025-12-04T16:24:53+03:00 [INFO] User logged in
2025-12-04T16:24:53+03:00 [INFO] Invalid input received
2025-12-04T16:24:54+03:00 [INFO] File uploaded
2025-12-04T16:24:54+03:00 [ERROR] Error processing request
2025-12-04T16:24:54+03:00 [ERROR] Invalid input received
2025-12-04T16:24:54+03:00 [INFO] Invalid input received
2025-12-04T16:24:54+03:00 [INFO] User logged in
2025-12-04T16:24:54+03:00 [INFO] Database connection established
2025-12-04T16:24:54+03:00 [DEBUG] User logged out
2025-12-04T16:24:54+03:00 [INFO] Error processing request
2025-12-04T16:24:54+03:00 [INFO] File uploaded
2025-12-04T16:24:54+03:00 [DEBUG] User logged out
2025-12-04T16:24:55+03:00 [INFO] User logged in
2025-12-04T16:24:55+03:00 [INFO] User logged in
2025-12-04T16:24:55+03:00 [DEBUG] User logged in
2025-12-04T16:24:55+03:00 [INFO] Error processing request
2025-12-04T16:24:55+03:00 [DEBUG] Error processing request
2025-12-04T16:24:55+03:00 [DEBUG] Database connection established
2025-12-04T16:24:55+03:00 [ERROR] User logged out
2025-12-04T16:24:55+03:00 [DEBUG] File uploaded
2025-12-04T16:24:55+03:00 [INFO] Invalid input received
2025-12-04T16:24:55+03:00 [INFO] User logged out
2025-12-04T16:24:56+03:00 [INFO] Error processing request
2025-12-04T16:24:56+03:00 [INFO] Database connection established
2025-12-04T16:24:56+03:00 [DEBUG] File uploaded
2025-12-04T16:24:56+03:00 [ERROR] File uploaded
2025-12-04T16:24:56+03:00 [ERROR] Error processing request
2025-12-04T16:24:56+03:00 [ERROR] Database connection established
2025-12-04T16:24:56+03:00 [ERROR] Database connection established
2025-12-04T16:24:56+03:00 [ERROR] Error processing request
2025-12-04T16:24:56+03:00 [DEBUG] Database connection established
2025-12-04T16:24:56+03:00 [DEBUG] User logged out
2025-12-04T16:24:57+03:00 [INFO] Invalid input received
2025-12-04T16:24:57+03:00 [INFO] User logged in
2025-12-04T16:24:57+03:00 [DEBUG] User logged out
2025-12-04T16:24:57+03:00 [INFO] User logged in
2025-12-04T16:24:57+03:00 [INFO] User logged in
2025-12-04T16:24:57+03:00 [ERROR] User logged out
2025-12-04T16:24:57+03:00 [INFO] Error processing request
2025-12-04T16:24:57+03:00 [INFO] User logged out
2025-12-04T16:24:57+03:00 [DEBUG] File uploaded
2025-12-04T16:24:57+03:00 [ERROR] Error processing request
2025-12-04T16:24:58+03:00 [INFO] File uploaded
2025-12-04T16:24:58+03:00 [DEBUG] Error processing request
2025-12-04T16:24:58+03:00 [INFO] File uploaded
2025-12-04T16:24:58+03:00 [INFO] Error processing request
2025-12-04T16:24:58+03:00 [ERROR] File uploaded
2025-12-04T16:24:58+03:00 [DEBUG] User logged out
2025-12-04T16:24:58+03:00 [ERROR] Invalid input received
2025-12-04T16:24:58+03:00 [DEBUG] File uploaded
2025-12-04T16:24:58+03:00 [DEBUG] User logged out
2025-12-04T16:24:58+03:00 [ERROR] User logged out
2025-12-04T16:24:59+03:00 [INFO] Error processing request
2025-12-04T16:24:59+03:00 [ERROR] Error processing request
2025-12-04T16:24:59+03:00 [INFO] User logged in
2025-12-04T16:24:59+03:00 [DEBUG] File uploaded
2025-12-04T16:24:59+03:00 [DEBUG] File uploaded
2025-12-04T16:24:59+03:00 [INFO] File uploaded
2025-12-04T16:24:59+03:00 [ERROR] Database connection established
2025-12-04T16:24:59+03:00 [DEBUG] Database connection established
2025-12-04T16:24:59+03:00 [ERROR] File uploaded
2025-12-04T16:24:59+03:00 [ERROR] Invalid input received
2025-12-04T16:25:00+03:00 [INFO] File uploaded
2025-12-04T16:25:00+03:00 [ERROR] File uploaded
2025-12-04T16:25:00+03:00 [ERROR] Error processing request
2025-12-04T16:25:00+03:00 [DEBUG] Database connection established
2025-12-04T16:25:00+03:00 [DEBUG] File uploaded
2025-12-04T16:25:00+03:00 [DEBUG] Invalid input received
2025-12-04T16:25:00+03:00 [ERROR] File uploaded
2025-12-04T16:25:00+03:00 [DEBUG] Invalid input received
2025-12-04T16:25:00+03:00 [INFO] User logged out
2025-12-04T16:25:00+03:00 [INFO] User logged out
2025-12-04T16:25:01+03:00 [ERROR] Invalid input received
2025-12-04T16:25:01+03:00 [INFO] Database connection established
2025-12-04T16:25:01+03:00 [DEBUG] File uploaded
2025-12-04T16:25:01+03:00 [INFO] User logged in
2025-12-04T16:25:01+03:00 [INFO] Database connection established
2025-12-04T16:25:01+03:00 [ERROR] Error processing request
2025-12-04T16:25:01+03:00 [DEBUG] Error processing request
2025-12-04T16:25:01+03:00 [INFO] User logged in
2025-12-04T16:25:01+03:00 [ERROR] Error processing request
2025-12-04T16:25:01+03:00 [INFO] User logged out
2025-12-04T16:25:02+03:00 [INFO] User logged in
2025-12-04T16:25:02+03:00 [ERROR] Error processing request
2025-12-04T16:25:02+03:00 [INFO] User logged out
